0 0_bk_bloodiness_human
1 1_bk_bomb_fire
2 2_bk_bomb_smoke
3 3_bk_bomb_vehicle
4 4_bk_bomb_self-burning
5 5_bk_beheaded_isis
6 6_bk_beheaded_decollation
7 7_bk_march_banner
8 8_bk_march_crowed
9 9_bk_fight_police
10 10_bk_fight_person
11 11_sen_character
12 12_sen_masked
13 13_sen_army
14 14_sen_scene_person
15 15_sen_anime_likely_bloodiness
16 16_sen_anime_likely_bomb
17 17_sen_Islamic_dress
18 18_abnormal_bloodiness_animal
19 19_abnormal_disaster-scene
20 20_abnormal_porn
21 21_normal_bloodiness_likely_anime
22 22_normal_fight_likely_sports
23 23_normal_fight_likely_box
24 24_normal_fight_likely_fencing
25 25_normal_fight_likely_judo
26 26_normal_fight_likely_bullfight
27 27_normal_fight_likely_ancient_war
28 28_normal_text_weibo
29 29_normal_text_chat
30 30_normal_bomb_likely_atom
31 31_normal_bomb_likely_rocket
32 32_normal_bomb_likely_sunrise
33 33_normal_bomb_likely_haze
34 34_normal_bomb_likely_candlelight
35 35_normal_bomb_likely_vehicles
36 36_normal_march_likely_crowed
37 37_normal_march_likely_troops
38 38_normal_march_likely_legal_banner
39 39_normal_march_likely_photo
40 40_normal_march_likely_aerial
41 41_normal_march_likely_animal_migration
42 42_normal_march_beach_crowed
43 43_normal_march_vocal_concert
44 44_normal_pron_likely_sexy
45 45_background_text
46 46_background_with_people
47 47_background_no_people